[21:21:26.975] [INFO] Checking the health of your Storybook..
[21:21:26.976] [DEBUG] Getting Storybook info...
[21:21:26.977] [DEBUG] Loading main config...
[21:21:27.108] [DEBUG] Getting stories paths...
[21:21:27.121] [DEBUG] Getting package manager...
[21:21:27.365] [DEBUG] Getting Storybook version...
[21:21:29.896] [WARN] .storybook: 1 issue found
[21:21:29.896] [INFO] You are currently using Storybook 9.0.17 but you have packages which are incompatible with it:

- @storybook/addon-essentials@8.6.14 which depends on 8.6.14
 Repo: https://github.com/storybookjs/storybook/tree/next/code/addons/essentials
- @storybook/addon-interactions@8.6.14 which depends on 8.6.14
 Repo: https://github.com/storybookjs/storybook/tree/next/code/addons/interactions
- @storybook/test@8.6.14 which depends on 8.6.14
 Repo: https://github.com/storybookjs/storybook/tree/next/code/lib/test

Please consider updating your packages or contacting the maintainers for compatibility details.

For more on Storybook 9 compatibility, see the linked GitHub issue:
https://github.com/storybookjs/storybook/issues/30944
[21:21:29.899] [INFO] Storybook doctor is complete!
[21:21:29.899] [INFO] You can always recheck the health of your project(s) by running:
npx storybook doctor